<?xml version="1.0" encoding="UTF-8"?>
<!-- Generated by org.testng.reporters.JUnitReportReporter -->
<testsuite hostname="DESKTOP-5GDN01J" failures="0" tests="5" name="tests.AmazonTest" time="39.605" errors="0" timestamp="2024-10-22T19:22:43 IST" skipped="0">
  <testcase classname="tests.AmazonTest" name="testSearchNonExistingProduct" time="6.401"/>
  <system-out/>
  <testcase classname="tests.AmazonTest" name="testSearchExistingProduct" time="3.792"/>
  <system-out/>
  <testcase classname="tests.AmazonTest" name="testAddProductToCart" time="19.452"/>
  <system-out/>
  <testcase classname="tests.AmazonTest" name="testUpdateCartQuantity" time="6.307"/>
  <system-out/>
  <testcase classname="tests.AmazonTest" name="testRemoveProductFromCart" time="3.653"/>
  <system-out/>
</testsuite> <!-- tests.AmazonTest -->
